0 info it worked if it ends with ok
1 verbose cli [ '/usr/local/bin/node', '/usr/local/bin/npm', 'run', 'config' ]
2 info using npm@3.10.9
3 info using node@v6.9.2
4 verbose run-script [ 'preconfig', 'config', 'postconfig' ]
5 info lifecycle angular2-quickstart@1.0.0~preconfig: angular2-quickstart@1.0.0
6 silly lifecycle angular2-quickstart@1.0.0~preconfig: no script for preconfig, continuing
7 info lifecycle angular2-quickstart@1.0.0~config: angular2-quickstart@1.0.0
8 verbose lifecycle angular2-quickstart@1.0.0~config: unsafe-perm in lifecycle true
9 verbose lifecycle angular2-quickstart@1.0.0~config: PATH: /usr/local/lib/node_modules/npm/bin/node-gyp-bin:/home/anatoliy_g/projects/SWWB/teamgeist-hrm/node_modules/.bin:/usr/local/lib/node_modules/npm/bin/node-gyp-bin:/home/anatoliy_g/projects/SWWB/teamgeist-hrm/node_modules/.bin:/home/anatoliy_g/bin:/home/anatoliy_g/.local/bin:/usr/local/sbin:/usr/local/bin:/usr/sbin:/usr/bin:/sbin:/bin:/usr/games:/usr/local/games:/snap/bin
10 verbose lifecycle angular2-quickstart@1.0.0~config: CWD: /home/anatoliy_g/projects/SWWB/teamgeist-hrm
11 silly lifecycle angular2-quickstart@1.0.0~config: Args: [ '-c', 'lite-server -c config/my-bs-config.json' ]
12 silly lifecycle angular2-quickstart@1.0.0~config: Returned: code: 1  signal: null
13 info lifecycle angular2-quickstart@1.0.0~config: Failed to exec config script
14 verbose stack Error: angular2-quickstart@1.0.0 config: `lite-server -c config/my-bs-config.json`
14 verbose stack Exit status 1
14 verbose stack     at EventEmitter.<anonymous> (/usr/local/lib/node_modules/npm/lib/utils/lifecycle.js:255:16)
14 verbose stack     at emitTwo (events.js:106:13)
14 verbose stack     at EventEmitter.emit (events.js:191:7)
14 verbose stack     at ChildProcess.<anonymous> (/usr/local/lib/node_modules/npm/lib/utils/spawn.js:40:14)
14 verbose stack     at emitTwo (events.js:106:13)
14 verbose stack     at ChildProcess.emit (events.js:191:7)
14 verbose stack     at maybeClose (internal/child_process.js:877:16)
14 verbose stack     at Process.ChildProcess._handle.onexit (internal/child_process.js:226:5)
15 verbose pkgid angular2-quickstart@1.0.0
16 verbose cwd /home/anatoliy_g/projects/SWWB/teamgeist-hrm
17 error Linux 4.4.0-62-generic
18 error argv "/usr/local/bin/node" "/usr/local/bin/npm" "run" "config"
19 error node v6.9.2
20 error npm  v3.10.9
21 error code ELIFECYCLE
22 error angular2-quickstart@1.0.0 config: `lite-server -c config/my-bs-config.json`
22 error Exit status 1
23 error Failed at the angular2-quickstart@1.0.0 config script 'lite-server -c config/my-bs-config.json'.
23 error Make sure you have the latest version of node.js and npm installed.
23 error If you do, this is most likely a problem with the angular2-quickstart package,
23 error not with npm itself.
23 error Tell the author that this fails on your system:
23 error     lite-server -c config/my-bs-config.json
23 error You can get information on how to open an issue for this project with:
23 error     npm bugs angular2-quickstart
23 error Or if that isn't available, you can get their info via:
23 error     npm owner ls angular2-quickstart
23 error There is likely additional logging output above.
24 verbose exit [ 1, true ]
